Exporter version: 6.3.0, Blender version: 2.82 (sub 7)
========= Conversion from Blender to Babylon.js =========
	Scene settings used :
		Inline textures     :  false
		Material Type       :  PBR
		Positions Precision :  4
		Normals Precision   :  3
		UVs Precision       :  3
		Vert Color Precision:  3
		Mat Weight Precision:  2
		Keep Z-up r-handed  :  no
		Texture directory   :  C:\Users\Torben\Desktop\The Vault\url-ninja\portfolio\models\
	Python World class constructor completed
	WARNING: No active camera has been assigned, or is not in a currently selected Blender layer
	processing begun of mesh:  mountain
		processing begun of material:  snow
		processing begun of material:  wood.001
		processing begun of material:  pine
		processing begun of material:  trunk
		processing begun of material:  snow.001
		processing begun of multimaterial:  mountain_merged_scene_3.Multimaterial#0
		Custom split normals with tangents being used
		num positions      :  9993
		num normals        :  9993
		num tangents       :  39972
		num uvs            :  19986
		num uvs2           :  0
		num colors         :  0
		num indices        :  10407
		WARNING: # of 0 area faces found:  14
	processing begun of mesh:  obstacle
		processing begun of material:  wood.001
		processing begun of material:  wood.002
		processing begun of material:  wood lightest
		processing begun of multimaterial:  mountain_merged_scene_3.Multimaterial#1
		num positions      :  340
		num normals        :  340
		num tangents       :  0
		num uvs            :  680
		num uvs2           :  0
		num colors         :  0
		num indices        :  354
	processing begun of mesh:  obstacle.001
		processing begun of material:  wood.001
		processing begun of material:  wood.002
		processing begun of material:  wood lightest
		registered as also a user of material:  wood.002
		registered as also a user of material:  wood lightest
		processing begun of multimaterial:  mountain_merged_scene_3.Multimaterial#2
		num positions      :  340
		num normals        :  340
		num tangents       :  0
		num uvs            :  680
		num uvs2           :  0
		num colors         :  0
		num indices        :  354
	processing begun of mesh:  obstacle.002
		processing begun of material:  wood.001
		processing begun of material:  wood.002
		processing begun of material:  wood lightest
		registered as also a user of material:  wood.002
		registered as also a user of material:  wood lightest
		processing begun of multimaterial:  mountain_merged_scene_3.Multimaterial#3
		num positions      :  339
		num normals        :  339
		num tangents       :  0
		num uvs            :  678
		num uvs2           :  0
		num colors         :  0
		num indices        :  354
	processing begun of mesh:  obstacle.003
		processing begun of material:  wood.001
		processing begun of material:  wood.002
		processing begun of material:  wood lightest
		registered as also a user of material:  wood.002
		registered as also a user of material:  wood lightest
		processing begun of multimaterial:  mountain_merged_scene_3.Multimaterial#4
		num positions      :  341
		num normals        :  341
		num tangents       :  0
		num uvs            :  682
		num uvs2           :  0
		num colors         :  0
		num indices        :  354
	processing begun of mesh:  Cone
		processing begun of material:  Material.001
		processing begun of material:  wood
		processing begun of material:  snow
		registered as also a user of material:  snow
		processing begun of multimaterial:  mountain_merged_scene_3.Multimaterial#5
		num positions      :  118
		num normals        :  118
		num tangents       :  0
		num uvs            :  236
		num uvs2           :  0
		num colors         :  0
		num indices        :  138
	processing begun of mesh:  Cone.001
		processing begun of material:  Material.001
		processing begun of material:  wood
		processing begun of material:  snow
		registered as also a user of material:  wood
		registered as also a user of material:  snow
		processing begun of multimaterial:  mountain_merged_scene_3.Multimaterial#6
		num positions      :  117
		num normals        :  117
		num tangents       :  0
		num uvs            :  234
		num uvs2           :  0
		num colors         :  0
		num indices        :  138
	processing begun of mesh:  Cone.002
		processing begun of material:  Material.001
		processing begun of material:  wood
		processing begun of material:  snow
		registered as also a user of material:  wood
		registered as also a user of material:  snow
		processing begun of multimaterial:  mountain_merged_scene_3.Multimaterial#7
		num positions      :  117
		num normals        :  117
		num tangents       :  0
		num uvs            :  234
		num uvs2           :  0
		num colors         :  0
		num indices        :  138
	processing begun of mesh:  Cone.004
		processing begun of material:  Material.001
		processing begun of material:  wood
		processing begun of material:  snow
		registered as also a user of material:  wood
		registered as also a user of material:  snow
		processing begun of multimaterial:  mountain_merged_scene_3.Multimaterial#8
		num positions      :  117
		num normals        :  117
		num tangents       :  0
		num uvs            :  234
		num uvs2           :  0
		num colors         :  0
		num indices        :  138
	processing begun of mesh:  Cone.005
		processing begun of material:  Material.001
		processing begun of material:  wood
		processing begun of material:  snow
		registered as also a user of material:  wood
		registered as also a user of material:  snow
		processing begun of multimaterial:  mountain_merged_scene_3.Multimaterial#9
		num positions      :  117
		num normals        :  117
		num tangents       :  0
		num uvs            :  234
		num uvs2           :  0
		num colors         :  0
		num indices        :  138
	processing begun of mesh:  Cone.006
		processing begun of material:  Material.001
		processing begun of material:  wood
		processing begun of material:  snow
		registered as also a user of material:  wood
		registered as also a user of material:  snow
		processing begun of multimaterial:  mountain_merged_scene_3.Multimaterial#10
		num positions      :  117
		num normals        :  117
		num tangents       :  0
		num uvs            :  234
		num uvs2           :  0
		num colors         :  0
		num indices        :  138
	processing begun of mesh:  Cone.007
		processing begun of material:  Material.001
		processing begun of material:  wood
		processing begun of material:  snow
		registered as also a user of material:  wood
		registered as also a user of material:  snow
		processing begun of multimaterial:  mountain_merged_scene_3.Multimaterial#11
		num positions      :  118
		num normals        :  118
		num tangents       :  0
		num uvs            :  236
		num uvs2           :  0
		num colors         :  0
		num indices        :  138
	processing begun of mesh:  Cone.008
		processing begun of material:  Material.001
		processing begun of material:  wood
		processing begun of material:  snow
		registered as also a user of material:  wood
		registered as also a user of material:  snow
		processing begun of multimaterial:  mountain_merged_scene_3.Multimaterial#12
		num positions      :  117
		num normals        :  117
		num tangents       :  0
		num uvs            :  234
		num uvs2           :  0
		num colors         :  0
		num indices        :  138
	processing begun of mesh:  Cone.009
		processing begun of material:  Material.001
		processing begun of material:  wood
		processing begun of material:  snow
		registered as also a user of material:  wood
		registered as also a user of material:  snow
		processing begun of multimaterial:  mountain_merged_scene_3.Multimaterial#13
		num positions      :  117
		num normals        :  117
		num tangents       :  0
		num uvs            :  234
		num uvs2           :  0
		num colors         :  0
		num indices        :  138
	processing begun of mesh:  Cone.010
		processing begun of material:  Material.001
		processing begun of material:  wood
		processing begun of material:  snow
		registered as also a user of material:  wood
		registered as also a user of material:  snow
		processing begun of multimaterial:  mountain_merged_scene_3.Multimaterial#14
		num positions      :  118
		num normals        :  118
		num tangents       :  0
		num uvs            :  236
		num uvs2           :  0
		num colors         :  0
		num indices        :  138
	processing begun of mesh:  Icosphere
		processing begun of material:  Material.002
		num positions      :  60
		num normals        :  60
		num tangents       :  0
		num uvs            :  120
		num uvs2           :  0
		num colors         :  0
		num indices        :  60
	processing begun of mesh:  Icosphere.001
		processing begun of material:  Material.002
		registered as also a user of material:  Material.002
		num positions      :  60
		num normals        :  60
		num tangents       :  0
		num uvs            :  120
		num uvs2           :  0
		num colors         :  0
		num indices        :  60
	processing begun of mesh:  Sphere
		processing begun of material:  snow
		processing begun of material:  Material.002
		registered as also a user of material:  snow
		processing begun of multimaterial:  mountain_merged_scene_3.Multimaterial#15
		num positions      :  207
		num normals        :  207
		num tangents       :  0
		num uvs            :  414
		num uvs2           :  0
		num colors         :  0
		num indices        :  210
	processing begun of mesh:  Sphere.001
		processing begun of material:  snow
		processing begun of material:  Material.002
		registered as also a user of material:  snow
		processing begun of multimaterial:  mountain_merged_scene_3.Multimaterial#16
		num positions      :  207
		num normals        :  207
		num tangents       :  0
		num uvs            :  414
		num uvs2           :  0
		num colors         :  0
		num indices        :  210
========= Writing of JSON file started =========
	writing mesh:  mountain
	writing mesh:  obstacle
	writing mesh:  obstacle.001
	writing mesh:  obstacle.002
	writing mesh:  obstacle.003
	writing mesh:  Cone
	writing mesh:  Cone.001
	writing mesh:  Cone.002
	writing mesh:  Cone.004
	writing mesh:  Cone.005
	writing mesh:  Cone.006
	writing mesh:  Cone.007
	writing mesh:  Cone.008
	writing mesh:  Cone.009
	writing mesh:  Cone.010
	writing mesh:  Icosphere
	writing mesh:  Icosphere.001
	writing mesh:  Sphere
	writing mesh:  Sphere.001
========= Writing of JSON file completed =========
========= end of processing =========
elapsed time:  0 min, 1.7719 secs
